[0.150s] DEBUG:colcon:Command line arguments: ['/usr/bin/colcon', 'build', '--symlink-install', '--packages-select', 'real_robocar_rviz']
[0.150s] DEBUG:colcon:Parsed command line arguments: Namespace(allow_overriding=[], ament_cmake_args=None, base_paths=['.'], build_base='build', catkin_cmake_args=None, catkin_skip_building_tests=False, cmake_args=None, cmake_clean_cache=False, cmake_clean_first=False, cmake_force_configure=False, cmake_target=None, cmake_target_skip_unavailable=False, continue_on_error=False, event_handlers=None, executor='parallel', ignore_user_meta=False, install_base='install', log_base=None, log_level=None, main=<bound method BuildVerb.main of <colcon_core.verb.build.BuildVerb object at 0x7ff2f846a880>>, merge_install=False, metas=['./colcon.meta'], packages_above=None, packages_above_and_dependencies=None, packages_above_depth=None, packages_end=None, packages_ignore=None, packages_ignore_regex=None, packages_select=['real_robocar_rviz'], packages_select_build_failed=False, packages_select_by_dep=None, packages_select_regex=None, packages_select_test_failures=False, packages_skip=None, packages_skip_build_finished=False, packages_skip_by_dep=None, packages_skip_regex=None, packages_skip_test_passed=False, packages_skip_up_to=None, packages_start=None, packages_up_to=None, packages_up_to_regex=None, parallel_workers=8, paths=None, symlink_install=True, test_result_base=None, verb_extension=<colcon_core.verb.build.BuildVerb object at 0x7ff2f846a880>, verb_name='build', verb_parser=<colcon_defaults.argument_parser.defaults.DefaultArgumentsDecorator object at 0x7ff2f846adf0>)
[0.175s] Level 1:colcon.colcon_core.package_discovery:discover_packages(colcon_meta) check parameters
[0.175s] Level 1:colcon.colcon_core.package_discovery:discover_packages(recursive) check parameters
[0.175s] Level 1:colcon.colcon_core.package_discovery:discover_packages(ignore) check parameters
[0.175s] Level 1:colcon.colcon_core.package_discovery:discover_packages(path) check parameters
[0.175s] Level 1:colcon.colcon_core.package_discovery:discover_packages(colcon_meta) discover
[0.175s] Level 1:colcon.colcon_core.package_discovery:discover_packages(recursive) discover
[0.175s] INFO:colcon.colcon_core.package_discovery:Crawling recursively for packages in '/home/jeong/robocar_ws/src/real_robocar_rviz'
[0.175s] Level 1:colcon.colcon_core.package_identification:_identify(.) by extensions ['ignore', 'ignore_ament_install']
[0.175s] Level 1:colcon.colcon_core.package_identification:_identify(.) by extension 'ignore'
[0.175s] Level 1:colcon.colcon_core.package_identification:_identify(.) by extension 'ignore_ament_install'
[0.175s] Level 1:colcon.colcon_core.package_identification:_identify(.) by extensions ['colcon_pkg']
[0.175s] Level 1:colcon.colcon_core.package_identification:_identify(.) by extension 'colcon_pkg'
[0.175s] Level 1:colcon.colcon_core.package_identification:_identify(.) by extensions ['colcon_meta']
[0.175s] Level 1:colcon.colcon_core.package_identification:_identify(.) by extension 'colcon_meta'
[0.175s] Level 1:colcon.colcon_core.package_identification:_identify(.) by extensions ['ros']
[0.176s] Level 1:colcon.colcon_core.package_identification:_identify(.) by extension 'ros'
[0.189s] DEBUG:colcon.colcon_core.package_identification:Package '.' with type 'ros.ament_python' and name 'real_robocar_rviz'
[0.189s] Level 1:colcon.colcon_core.package_discovery:discover_packages(recursive) using defaults
[0.189s] Level 1:colcon.colcon_core.package_discovery:discover_packages(ignore) discover
[0.189s] Level 1:colcon.colcon_core.package_discovery:discover_packages(ignore) using defaults
[0.189s] Level 1:colcon.colcon_core.package_discovery:discover_packages(path) discover
[0.189s] Level 1:colcon.colcon_core.package_discovery:discover_packages(path) using defaults
[0.217s] Level 1:colcon.colcon_core.package_discovery:discover_packages(prefix_path) check parameters
[0.217s] Level 1:colcon.colcon_core.package_discovery:discover_packages(prefix_path) discover
[0.220s] DEBUG:colcon.colcon_installed_package_information.package_discovery:Found 5 installed packages in /home/jeong/robocar_ws/install
[0.221s] DEBUG:colcon.colcon_installed_package_information.package_discovery:Found 0 installed packages in /home/jeong/colcon_ws/install
[0.223s] DEBUG:colcon.colcon_installed_package_information.package_discovery:Found 344 installed packages in /opt/ros/foxy
[0.224s] Level 1:colcon.colcon_core.package_discovery:discover_packages(prefix_path) using defaults
[0.302s] Level 5:colcon.colcon_core.verb:set package 'real_robocar_rviz' build argument 'cmake_args' from command line to 'None'
[0.302s] Level 5:colcon.colcon_core.verb:set package 'real_robocar_rviz' build argument 'cmake_target' from command line to 'None'
[0.302s] Level 5:colcon.colcon_core.verb:set package 'real_robocar_rviz' build argument 'cmake_target_skip_unavailable' from command line to 'False'
[0.303s] Level 5:colcon.colcon_core.verb:set package 'real_robocar_rviz' build argument 'cmake_clean_cache' from command line to 'False'
[0.303s] Level 5:colcon.colcon_core.verb:set package 'real_robocar_rviz' build argument 'cmake_clean_first' from command line to 'False'
[0.303s] Level 5:colcon.colcon_core.verb:set package 'real_robocar_rviz' build argument 'cmake_force_configure' from command line to 'False'
[0.303s] Level 5:colcon.colcon_core.verb:set package 'real_robocar_rviz' build argument 'ament_cmake_args' from command line to 'None'
[0.303s] Level 5:colcon.colcon_core.verb:set package 'real_robocar_rviz' build argument 'catkin_cmake_args' from command line to 'None'
[0.303s] Level 5:colcon.colcon_core.verb:set package 'real_robocar_rviz' build argument 'catkin_skip_building_tests' from command line to 'False'
[0.303s] DEBUG:colcon.colcon_core.verb:Building package 'real_robocar_rviz' with the following arguments: {'ament_cmake_args': None, 'build_base': '/home/jeong/robocar_ws/src/real_robocar_rviz/build/real_robocar_rviz', 'catkin_cmake_args': None, 'catkin_skip_building_tests': False, 'cmake_args': None, 'cmake_clean_cache': False, 'cmake_clean_first': False, 'cmake_force_configure': False, 'cmake_target': None, 'cmake_target_skip_unavailable': False, 'install_base': '/home/jeong/robocar_ws/src/real_robocar_rviz/install/real_robocar_rviz', 'merge_install': False, 'path': '/home/jeong/robocar_ws/src/real_robocar_rviz', 'symlink_install': True, 'test_result_base': None}
[0.303s] INFO:colcon.colcon_core.executor:Executing jobs using 'parallel' executor
[0.308s] DEBUG:colcon.colcon_parallel_executor.executor.parallel:run_until_complete
[0.308s] INFO:colcon.colcon_ros.task.ament_python.build:Building ROS package in '/home/jeong/robocar_ws/src/real_robocar_rviz' with build type 'ament_python'
[0.308s] Level 1:colcon.colcon_core.shell:create_environment_hook('real_robocar_rviz', 'ament_prefix_path')
[0.313s] INFO:colcon.colcon_core.plugin_system:Skipping extension 'colcon_core.shell.bat': Not used on non-Windows systems
[0.313s] INFO:colcon.colcon_core.shell:Creating environment hook '/home/jeong/robocar_ws/src/real_robocar_rviz/install/real_robocar_rviz/share/real_robocar_rviz/hook/ament_prefix_path.ps1'
[0.314s] INFO:colcon.colcon_core.shell:Creating environment descriptor '/home/jeong/robocar_ws/src/real_robocar_rviz/install/real_robocar_rviz/share/real_robocar_rviz/hook/ament_prefix_path.dsv'
[0.314s] INFO:colcon.colcon_core.shell:Creating environment hook '/home/jeong/robocar_ws/src/real_robocar_rviz/install/real_robocar_rviz/share/real_robocar_rviz/hook/ament_prefix_path.sh'
[0.316s] INFO:colcon.colcon_core.shell:Skip shell extension 'powershell' for command environment: Not usable outside of PowerShell
[0.316s] DEBUG:colcon.colcon_core.shell:Skip shell extension 'dsv' for command environment
[0.572s] INFO:colcon.colcon_core.task.python.build:Building Python package in '/home/jeong/robocar_ws/src/real_robocar_rviz'
[0.573s] INFO:colcon.colcon_core.shell:Skip shell extension 'powershell' for command environment: Not usable outside of PowerShell
[0.574s] DEBUG:colcon.colcon_core.shell:Skip shell extension 'dsv' for command environment
[0.962s] DEBUG:colcon.colcon_core.event_handler.log_command:Invoking command in '/home/jeong/robocar_ws/src/real_robocar_rviz/build/real_robocar_rviz': PYTHONPATH=/home/jeong/robocar_ws/src/real_robocar_rviz/install/real_robocar_rviz/lib/python3.8/site-packages:${PYTHONPATH} /usr/bin/python3 setup.py develop --prefix /home/jeong/robocar_ws/src/real_robocar_rviz/install/real_robocar_rviz --editable --build-directory /home/jeong/robocar_ws/src/real_robocar_rviz/build/real_robocar_rviz/build --no-deps install_data --install-dir /home/jeong/robocar_ws/src/real_robocar_rviz/install/real_robocar_rviz
[1.465s] Level 1:colcon.colcon_core.shell:create_environment_hook('real_robocar_rviz', 'pythonpath_develop')
[1.468s] INFO:colcon.colcon_core.shell:Creating environment hook '/home/jeong/robocar_ws/src/real_robocar_rviz/build/real_robocar_rviz/share/real_robocar_rviz/hook/pythonpath_develop.ps1'
[1.468s] DEBUG:colcon.colcon_core.event_handler.log_command:Invoked command in '/home/jeong/robocar_ws/src/real_robocar_rviz/build/real_robocar_rviz' returned '0': PYTHONPATH=/home/jeong/robocar_ws/src/real_robocar_rviz/install/real_robocar_rviz/lib/python3.8/site-packages:${PYTHONPATH} /usr/bin/python3 setup.py develop --prefix /home/jeong/robocar_ws/src/real_robocar_rviz/install/real_robocar_rviz --editable --build-directory /home/jeong/robocar_ws/src/real_robocar_rviz/build/real_robocar_rviz/build --no-deps install_data --install-dir /home/jeong/robocar_ws/src/real_robocar_rviz/install/real_robocar_rviz
[1.469s] INFO:colcon.colcon_core.shell:Creating environment descriptor '/home/jeong/robocar_ws/src/real_robocar_rviz/build/real_robocar_rviz/share/real_robocar_rviz/hook/pythonpath_develop.dsv'
[1.469s] INFO:colcon.colcon_core.shell:Creating environment hook '/home/jeong/robocar_ws/src/real_robocar_rviz/build/real_robocar_rviz/share/real_robocar_rviz/hook/pythonpath_develop.sh'
[1.475s] Level 1:colcon.colcon_core.environment:checking '/home/jeong/robocar_ws/src/real_robocar_rviz/install/real_robocar_rviz' for CMake module files
[1.475s] Level 1:colcon.colcon_core.environment:checking '/home/jeong/robocar_ws/src/real_robocar_rviz/install/real_robocar_rviz' for CMake config files
[1.476s] Level 1:colcon.colcon_core.environment:checking '/home/jeong/robocar_ws/src/real_robocar_rviz/install/real_robocar_rviz/lib'
[1.476s] Level 1:colcon.colcon_core.environment:checking '/home/jeong/robocar_ws/src/real_robocar_rviz/install/real_robocar_rviz/bin'
[1.476s] Level 1:colcon.colcon_core.environment:checking '/home/jeong/robocar_ws/src/real_robocar_rviz/install/real_robocar_rviz/lib/pkgconfig/real_robocar_rviz.pc'
[1.476s] Level 1:colcon.colcon_core.environment:checking '/home/jeong/robocar_ws/src/real_robocar_rviz/install/real_robocar_rviz/lib/python3.8/site-packages'
[1.476s] Level 1:colcon.colcon_core.shell:create_environment_hook('real_robocar_rviz', 'pythonpath')
[1.478s] INFO:colcon.colcon_core.shell:Creating environment hook '/home/jeong/robocar_ws/src/real_robocar_rviz/install/real_robocar_rviz/share/real_robocar_rviz/hook/pythonpath.ps1'
[1.478s] INFO:colcon.colcon_core.shell:Creating environment descriptor '/home/jeong/robocar_ws/src/real_robocar_rviz/install/real_robocar_rviz/share/real_robocar_rviz/hook/pythonpath.dsv'
[1.478s] INFO:colcon.colcon_core.shell:Creating environment hook '/home/jeong/robocar_ws/src/real_robocar_rviz/install/real_robocar_rviz/share/real_robocar_rviz/hook/pythonpath.sh'
[1.479s] Level 1:colcon.colcon_core.environment:checking '/home/jeong/robocar_ws/src/real_robocar_rviz/install/real_robocar_rviz/bin'
[1.479s] Level 1:colcon.colcon_core.environment:create_environment_scripts_only(real_robocar_rviz)
[1.480s] INFO:colcon.colcon_core.shell:Creating package script '/home/jeong/robocar_ws/src/real_robocar_rviz/install/real_robocar_rviz/share/real_robocar_rviz/package.ps1'
[1.481s] INFO:colcon.colcon_core.shell:Creating package descriptor '/home/jeong/robocar_ws/src/real_robocar_rviz/install/real_robocar_rviz/share/real_robocar_rviz/package.dsv'
[1.482s] INFO:colcon.colcon_core.shell:Creating package script '/home/jeong/robocar_ws/src/real_robocar_rviz/install/real_robocar_rviz/share/real_robocar_rviz/package.sh'
[1.483s] INFO:colcon.colcon_core.shell:Creating package script '/home/jeong/robocar_ws/src/real_robocar_rviz/install/real_robocar_rviz/share/real_robocar_rviz/package.bash'
[1.483s] INFO:colcon.colcon_core.shell:Creating package script '/home/jeong/robocar_ws/src/real_robocar_rviz/install/real_robocar_rviz/share/real_robocar_rviz/package.zsh'
[1.484s] Level 1:colcon.colcon_core.environment:create_file_with_runtime_dependencies(/home/jeong/robocar_ws/src/real_robocar_rviz/install/real_robocar_rviz/share/colcon-core/packages/real_robocar_rviz)
[1.484s] DEBUG:colcon.colcon_parallel_executor.executor.parallel:closing loop
[1.485s] DEBUG:colcon.colcon_parallel_executor.executor.parallel:loop closed
[1.485s] DEBUG:colcon.colcon_parallel_executor.executor.parallel:run_until_complete finished with '0'
[1.485s] DEBUG:colcon.colcon_core.event_reactor:joining thread
[1.491s] INFO:colcon.colcon_core.plugin_system:Skipping extension 'colcon_notification.desktop_notification.terminal_notifier': Not used on non-Darwin systems
[1.491s] INFO:colcon.colcon_core.plugin_system:Skipping extension 'colcon_notification.desktop_notification.win32': Not used on non-Windows systems
[1.491s] INFO:colcon.colcon_notification.desktop_notification:Sending desktop notification using 'notify2'
[1.511s] DEBUG:colcon.colcon_core.event_reactor:joined thread
[1.513s] INFO:colcon.colcon_core.shell:Creating prefix script '/home/jeong/robocar_ws/src/real_robocar_rviz/install/local_setup.ps1'
[1.514s] INFO:colcon.colcon_core.shell:Creating prefix util module '/home/jeong/robocar_ws/src/real_robocar_rviz/install/_local_setup_util_ps1.py'
[1.516s] INFO:colcon.colcon_core.shell:Creating prefix chain script '/home/jeong/robocar_ws/src/real_robocar_rviz/install/setup.ps1'
[1.519s] INFO:colcon.colcon_core.shell:Creating prefix script '/home/jeong/robocar_ws/src/real_robocar_rviz/install/local_setup.sh'
[1.520s] INFO:colcon.colcon_core.shell:Creating prefix util module '/home/jeong/robocar_ws/src/real_robocar_rviz/install/_local_setup_util_sh.py'
[1.521s] INFO:colcon.colcon_core.shell:Creating prefix chain script '/home/jeong/robocar_ws/src/real_robocar_rviz/install/setup.sh'
[1.523s] INFO:colcon.colcon_core.shell:Creating prefix script '/home/jeong/robocar_ws/src/real_robocar_rviz/install/local_setup.bash'
[1.524s] INFO:colcon.colcon_core.shell:Creating prefix chain script '/home/jeong/robocar_ws/src/real_robocar_rviz/install/setup.bash'
[1.526s] INFO:colcon.colcon_core.shell:Creating prefix script '/home/jeong/robocar_ws/src/real_robocar_rviz/install/local_setup.zsh'
[1.526s] INFO:colcon.colcon_core.shell:Creating prefix chain script '/home/jeong/robocar_ws/src/real_robocar_rviz/install/setup.zsh'
